May-27 13:07:35.672 [main] DEBUG nextflow.cli.Launcher - $> nextflow run main.nf --input test_data/samplesheet.csv --genome GRCh38 --skip_basecalling --skip_methylation --skip_sv -stub-run -resume
May-27 13:07:35.767 [main] DEBUG nextflow.cli.CmdRun - N E X T F L O W  ~  version 26.04.2
May-27 13:07:35.787 [main] DEBUG nextflow.plugin.PluginsFacade - Setting up plugin manager > mode=prod; embedded=false; plugins-dir=/users/sburris3/.nextflow/plugins; core-plugins: nf-amazon@3.9.1,nf-azure@1.22.4,nf-cloudcache@0.6.0,nf-codecommit@0.5.2,nf-console@1.3.0,nf-google@1.27.2,nf-k8s@1.5.3,nf-seqera@0.20.0,nf-tower@1.27.0,nf-wave@1.20.0
May-27 13:07:35.810 [main] INFO  o.pf4j.DefaultPluginStatusProvider - Enabled plugins: []
May-27 13:07:35.811 [main] INFO  o.pf4j.DefaultPluginStatusProvider - Disabled plugins: []
May-27 13:07:35.815 [main] INFO  org.pf4j.DefaultPluginManager - PF4J version 3.14.1 in 'deployment' mode
May-27 13:07:35.829 [main] DEBUG nextflow.util.RetryConfig - Missing nextflow session - using default retry config
May-27 13:07:35.951 [main] DEBUG nextflow.plugin.PluginUpdater - Using plugin repository: HttpPluginRepository [registry]; url=https://registry.nextflow.io/api
May-27 13:07:35.958 [main] INFO  org.pf4j.AbstractPluginManager - No plugins
May-27 13:07:36.002 [main] DEBUG nextflow.config.ConfigBuilder - Found config local: /carc/scratch/projects/gursingh/gursingh2016399/Sylvia/ont-wgs-methylation-pipeline/nextflow.config
May-27 13:07:36.005 [main] DEBUG nextflow.config.ConfigBuilder - Parsing config file: /carc/scratch/projects/gursingh/gursingh2016399/Sylvia/ont-wgs-methylation-pipeline/nextflow.config
May-27 13:07:36.010 [main] DEBUG nextflow.config.ConfigParserFactory - Using config parser v2
May-27 13:07:36.027 [main] DEBUG nextflow.config.ConfigBuilder - Applying config profile: `standard`
May-27 13:07:36.535 [main] DEBUG nextflow.plugin.PluginsFacade - Plugins default=[]
May-27 13:07:36.536 [main] DEBUG nextflow.plugin.PluginsFacade - Plugins resolved requirement=[]
May-27 13:07:36.551 [main] DEBUG n.secret.LocalSecretsProvider - Secrets store: /users/sburris3/.nextflow/secrets/store.json
May-27 13:07:36.554 [main] DEBUG nextflow.secret.SecretsLoader - Discovered secrets providers: [nextflow.secret.LocalSecretsProvider@2c8c16c0] - activable => nextflow.secret.LocalSecretsProvider@2c8c16c0
May-27 13:07:36.570 [main] DEBUG nextflow.cli.CmdRun - Launching `main.nf` [suspicious_saha] - revision: 15add85beb
May-27 13:07:36.643 [main] DEBUG nextflow.Session - Session UUID: f1fc8d45-923c-46df-9de6-4d68e5235bf5
May-27 13:07:36.644 [main] DEBUG nextflow.Session - Run name: suspicious_saha
May-27 13:07:36.645 [main] DEBUG nextflow.Session - Executor pool size: 64
May-27 13:07:36.653 [main] DEBUG nextflow.file.FilePorter - File porter settings maxRetries=3; maxTransfers=50; pollTimeout=null
May-27 13:07:36.659 [main] DEBUG nextflow.util.ThreadPoolBuilder - Creating thread pool 'FileTransfer' minSize=10; maxSize=192; workQueue=LinkedBlockingQueue[-1]; allowCoreThreadTimeout=false
May-27 13:07:36.678 [main] DEBUG nextflow.cli.CmdRun - 
  Version: 26.04.2 build 12216
  Created: 21-05-2026 21:22 UTC (15:22 MDT)
  System: Linux 4.18.0-553.109.1.el8_10.x86_64
  Runtime: Groovy 4.0.31 on OpenJDK 64-Bit Server VM 17.0.11+9
  Encoding: UTF-8 (UTF-8)
  Process: 1001149@hopper [172.17.0.2]
  CPUs: 64 - Mem: 92.4 GB (9.4 GB) - Swap: 96 GB (96 GB)
May-27 13:07:36.721 [main] DEBUG nextflow.Session - Work-dir: /carc/scratch/projects/gursingh/gursingh2016399/Sylvia/ont-wgs-methylation-pipeline/work [fhgfs]
May-27 13:07:36.737 [main] DEBUG nextflow.executor.ExecutorFactory - Extension executors providers=[]
May-27 13:07:36.746 [main] DEBUG nextflow.Session - Observer factory (v2): LinObserverFactory
May-27 13:07:36.748 [main] DEBUG nextflow.Session - Observer factory (v2): DefaultObserverFactory
May-27 13:07:36.780 [main] DEBUG nextflow.cache.CacheFactory - Using Nextflow cache factory: nextflow.cache.DefaultCacheFactory
May-27 13:07:36.789 [main] DEBUG nextflow.util.CustomThreadPool - Creating default thread pool > poolSize: 65; maxThreads: 1000
May-27 13:07:36.874 [main] DEBUG nextflow.Session - Session start
May-27 13:07:36.881 [main] DEBUG nextflow.trace.TraceFileObserver - Workflow started -- trace file: results/reports/trace.txt
May-27 13:07:36.888 [main] DEBUG nextflow.script.ScriptLoaderFactory - Using script parser v2
May-27 13:07:37.903 [main] DEBUG nextflow.script.ScriptRunner - > Launching execution
May-27 13:07:38.126 [main] INFO  nextflow.Nextflow - 
=========================================
ONT WGS Methylation Pipeline v1.0.0
=========================================
Input        : test_data/samplesheet.csv
Genome       : GRCh38
Output       : results
Skip basecall: true
Skip methyl  : true
Skip SV      : true
Profile      : standard
Work dir     : /carc/scratch/projects/gursingh/gursingh2016399/Sylvia/ont-wgs-methylation-pipeline/work
=========================================

May-27 13:07:38.226 [main] DEBUG n.script.dsl.ProcessConfigBuilder - Config settings `withName:PYCOQC|NANOPLOT.*|MULTIQC` matches process NANOPLOT_RAW
May-27 13:07:38.228 [main] DEBUG n.script.dsl.ProcessConfigBuilder - Config settings `withName:PYCOQC|NANOPLOT.*|MULTIQC` matches process NANOPLOT_RAW
May-27 13:07:38.230 [main] DEBUG n.script.dsl.ProcessConfigBuilder - Config settings `withName:PYCOQC|NANOPLOT.*|MULTIQC` matches process NANOPLOT_RAW
May-27 13:07:38.233 [main] DEBUG nextflow.executor.ExecutorFactory - << taskConfig executor: local
May-27 13:07:38.234 [main] DEBUG nextflow.executor.ExecutorFactory - >> processorType: 'local'
May-27 13:07:38.242 [main] DEBUG nextflow.executor.Executor - [warm up] executor > local
May-27 13:07:38.249 [main] DEBUG n.processor.LocalPollingMonitor - Creating local task monitor for executor 'local' > cpus=64; memory=92.4 GB; capacity=64; pollInterval=100ms; dumpInterval=5m
May-27 13:07:38.252 [main] DEBUG n.processor.TaskPollingMonitor - >>> barrier register (monitor: local)
May-27 13:07:38.286 [main] DEBUG nextflow.processor.TaskProcessor - Creating process 'NANOPLOT_RAW': maxForks=0; fair=false; array=0
May-27 13:07:38.322 [main] DEBUG n.script.dsl.ProcessConfigBuilder - Config settings `withName:NANOFILT` matches process NANOFILT
May-27 13:07:38.325 [main] DEBUG nextflow.executor.ExecutorFactory - << taskConfig executor: local
May-27 13:07:38.325 [main] DEBUG nextflow.executor.ExecutorFactory - >> processorType: 'local'
May-27 13:07:38.327 [main] DEBUG nextflow.processor.TaskProcessor - Creating process 'NANOFILT': maxForks=0; fair=false; array=0
May-27 13:07:38.333 [main] DEBUG n.script.dsl.ProcessConfigBuilder - Config settings `withName:PYCOQC|NANOPLOT.*|MULTIQC` matches process NANOPLOT_FILTERED
May-27 13:07:38.334 [main] DEBUG n.script.dsl.ProcessConfigBuilder - Config settings `withName:PYCOQC|NANOPLOT.*|MULTIQC` matches process NANOPLOT_FILTERED
May-27 13:07:38.336 [main] DEBUG n.script.dsl.ProcessConfigBuilder - Config settings `withName:PYCOQC|NANOPLOT.*|MULTIQC` matches process NANOPLOT_FILTERED
May-27 13:07:38.337 [main] DEBUG nextflow.executor.ExecutorFactory - << taskConfig executor: local
May-27 13:07:38.338 [main] DEBUG nextflow.executor.ExecutorFactory - >> processorType: 'local'
May-27 13:07:38.340 [main] DEBUG nextflow.processor.TaskProcessor - Creating process 'NANOPLOT_FILTERED': maxForks=0; fair=false; array=0
May-27 13:07:38.345 [main] DEBUG n.script.dsl.ProcessConfigBuilder - Config settings `withName:MINIMAP2.*` matches process MINIMAP2_INDEX
May-27 13:07:38.347 [main] DEBUG nextflow.executor.ExecutorFactory - << taskConfig executor: local
May-27 13:07:38.348 [main] DEBUG nextflow.executor.ExecutorFactory - >> processorType: 'local'
May-27 13:07:38.350 [main] DEBUG nextflow.processor.TaskProcessor - Creating process 'MINIMAP2_INDEX': maxForks=0; fair=false; array=0
May-27 13:07:38.356 [main] DEBUG n.script.dsl.ProcessConfigBuilder - Config settings `withName:MINIMAP2.*` matches process MINIMAP2_ALIGN
May-27 13:07:38.358 [main] DEBUG nextflow.executor.ExecutorFactory - << taskConfig executor: local
May-27 13:07:38.359 [main] DEBUG nextflow.executor.ExecutorFactory - >> processorType: 'local'
May-27 13:07:38.361 [main] DEBUG nextflow.processor.TaskProcessor - Creating process 'MINIMAP2_ALIGN': maxForks=0; fair=false; array=0
May-27 13:07:38.368 [main] DEBUG n.script.dsl.ProcessConfigBuilder - Config settings `withName:PYCOQC|NANOPLOT.*|MULTIQC` matches process NANOPLOT_BAM
May-27 13:07:38.370 [main] DEBUG nextflow.executor.ExecutorFactory - << taskConfig executor: local
May-27 13:07:38.371 [main] DEBUG nextflow.executor.ExecutorFactory - >> processorType: 'local'
May-27 13:07:38.372 [main] DEBUG nextflow.processor.TaskProcessor - Creating process 'NANOPLOT_BAM': maxForks=0; fair=false; array=0
May-27 13:07:38.377 [main] DEBUG n.script.dsl.ProcessConfigBuilder - Config settings `withName:MOSDEPTH` matches process MOSDEPTH
May-27 13:07:38.379 [main] DEBUG nextflow.executor.ExecutorFactory - << taskConfig executor: local
May-27 13:07:38.379 [main] DEBUG nextflow.executor.ExecutorFactory - >> processorType: 'local'
May-27 13:07:38.381 [main] DEBUG nextflow.processor.TaskProcessor - Creating process 'MOSDEPTH': maxForks=0; fair=false; array=0
May-27 13:07:38.387 [main] DEBUG n.script.dsl.ProcessConfigBuilder - Config settings `withName:CLAIR3` matches process CLAIR3
May-27 13:07:38.389 [main] DEBUG nextflow.executor.ExecutorFactory - << taskConfig executor: local
May-27 13:07:38.390 [main] DEBUG nextflow.executor.ExecutorFactory - >> processorType: 'local'
May-27 13:07:38.392 [main] DEBUG nextflow.processor.TaskProcessor - Creating process 'CLAIR3': maxForks=0; fair=false; array=0
May-27 13:07:38.413 [main] DEBUG n.script.dsl.ProcessConfigBuilder - Config settings `withName:PYCOQC|NANOPLOT.*|MULTIQC` matches process MULTIQC
May-27 13:07:38.416 [main] DEBUG nextflow.executor.ExecutorFactory - << taskConfig executor: local
May-27 13:07:38.417 [main] DEBUG nextflow.executor.ExecutorFactory - >> processorType: 'local'
May-27 13:07:38.418 [main] DEBUG nextflow.processor.TaskProcessor - Creating process 'MULTIQC': maxForks=0; fair=false; array=0
May-27 13:07:38.421 [main] DEBUG nextflow.Session - Process names: NANOPLOT_FILTERED, DORADO_BASECALL, SNIFFLES2, NANOPLOT_BAM, MODKIT_SUMMARY, MULTIQC, PYCOQC, CLAIR3, MOSDEPTH, MODKIT_PILEUP, MINIMAP2_ALIGN, NANOFILT, MINIMAP2_INDEX, NANOPLOT, NANOPLOT_RAW
May-27 13:07:38.436 [main] WARN  nextflow.Session - There's no process matching config selector: WHATSHAP.*
May-27 13:07:38.441 [main] DEBUG nextflow.Session - Igniting dataflow network (14)
May-27 13:07:38.448 [main] DEBUG nextflow.processor.TaskProcessor - Starting process > NANOPLOT_RAW
May-27 13:07:38.449 [main] DEBUG nextflow.processor.TaskProcessor - Starting process > NANOFILT
May-27 13:07:38.449 [main] DEBUG nextflow.processor.TaskProcessor - Starting process > NANOPLOT_FILTERED
May-27 13:07:38.450 [main] DEBUG nextflow.processor.TaskProcessor - Starting process > MINIMAP2_INDEX
May-27 13:07:38.451 [main] DEBUG nextflow.processor.TaskProcessor - Starting process > MINIMAP2_ALIGN
May-27 13:07:38.451 [main] DEBUG nextflow.processor.TaskProcessor - Starting process > NANOPLOT_BAM
May-27 13:07:38.452 [main] DEBUG nextflow.processor.TaskProcessor - Starting process > MOSDEPTH
May-27 13:07:38.453 [main] DEBUG nextflow.processor.TaskProcessor - Starting process > CLAIR3
May-27 13:07:38.453 [main] DEBUG nextflow.processor.TaskProcessor - Starting process > MULTIQC
May-27 13:07:38.454 [main] DEBUG nextflow.script.ScriptRunner - Parsed script files:
  _nf_script_978fa4dd64c4deaa: /carc/scratch/projects/gursingh/gursingh2016399/Sylvia/ont-wgs-methylation-pipeline/modules/local/alignment/minimap2.nf
  _nf_script_fe7936750a78de94: /carc/scratch/projects/gursingh/gursingh2016399/Sylvia/ont-wgs-methylation-pipeline/modules/local/qc/nanoplot.nf
  _nf_script_40291f893fec94e5: /carc/scratch/projects/gursingh/gursingh2016399/Sylvia/ont-wgs-methylation-pipeline/modules/local/methylation/modkit_pileup.nf
  _nf_script_9cd84412aa2fe9d0: /carc/scratch/projects/gursingh/gursingh2016399/Sylvia/ont-wgs-methylation-pipeline/modules/local/variants/clair3.nf
  _nf_script_c74ab872f0cf0c67: /carc/scratch/projects/gursingh/gursingh2016399/Sylvia/ont-wgs-methylation-pipeline/modules/local/basecalling/dorado.nf
  _nf_script_68a82144db7c65aa: /carc/scratch/projects/gursingh/gursingh2016399/Sylvia/ont-wgs-methylation-pipeline/modules/local/qc/mosdepth.nf
  _nf_script_131d7ccd33e9e95c: /carc/scratch/projects/gursingh/gursingh2016399/Sylvia/ont-wgs-methylation-pipeline/modules/local/qc/pycoqc.nf
  _nf_script_11866b0b912cf9ab: /carc/scratch/projects/gursingh/gursingh2016399/Sylvia/ont-wgs-methylation-pipeline/modules/local/methylation/modkit_summary.nf
  _nf_script_aabbdfd33b214cf6: /carc/scratch/projects/gursingh/gursingh2016399/Sylvia/ont-wgs-methylation-pipeline/modules/local/qc/multiqc.nf
  Main: /carc/scratch/projects/gursingh/gursingh2016399/Sylvia/ont-wgs-methylation-pipeline/main.nf
  _nf_script_872af1cb1b3abf7f: /carc/scratch/projects/gursingh/gursingh2016399/Sylvia/ont-wgs-methylation-pipeline/modules/local/variants/sniffles2.nf
  _nf_script_fd7f5dd77143abe0: /carc/scratch/projects/gursingh/gursingh2016399/Sylvia/ont-wgs-methylation-pipeline/modules/local/filtering/nanofilt.nf
May-27 13:07:38.455 [main] DEBUG nextflow.script.ScriptRunner - > Awaiting termination 
May-27 13:07:38.455 [main] DEBUG nextflow.Session - Session await
May-27 13:07:38.533 [Actor Thread 37] DEBUG nextflow.container.SingularityCache - Singularity found local store for image=docker://quay.io/biocontainers/minimap2:2.24--h7132678_1; path=/carc/scratch/projects/gursingh/gursingh2016399/Sylvia/ont-wgs-methylation-pipeline/./singularity_cache/quay.io-biocontainers-minimap2-2.24--h7132678_1.img
May-27 13:07:38.533 [Actor Thread 38] DEBUG nextflow.container.SingularityCache - Singularity found local store for image=docker://quay.io/biocontainers/nanofilt:2.8.0--py_0; path=/carc/scratch/projects/gursingh/gursingh2016399/Sylvia/ont-wgs-methylation-pipeline/./singularity_cache/quay.io-biocontainers-nanofilt-2.8.0--py_0.img
May-27 13:07:38.533 [Actor Thread 39] DEBUG nextflow.container.SingularityCache - Singularity found local store for image=docker://quay.io/biocontainers/nanoplot:1.41.0--pyhdfd78af_0; path=/carc/scratch/projects/gursingh/gursingh2016399/Sylvia/ont-wgs-methylation-pipeline/./singularity_cache/quay.io-biocontainers-nanoplot-1.41.0--pyhdfd78af_0.img
May-27 13:07:38.620 [Actor Thread 28] INFO  nextflow.processor.TaskProcessor - [fa/07e74a] Cached process > MINIMAP2_INDEX (hg38)
May-27 13:07:38.620 [Actor Thread 35] INFO  nextflow.processor.TaskProcessor - [8d/65a2e1] Cached process > NANOFILT (test_sample)
May-27 13:07:38.620 [Actor Thread 33] INFO  nextflow.processor.TaskProcessor - [35/3e6001] Cached process > NANOPLOT_RAW (test_sample)
May-27 13:07:38.654 [Actor Thread 35] DEBUG nextflow.util.ThreadPoolBuilder - Creating thread pool 'PublishDir' minSize=10; maxSize=192; workQueue=LinkedBlockingQueue[-1]; allowCoreThreadTimeout=false
May-27 13:07:38.657 [Actor Thread 49] INFO  nextflow.processor.TaskProcessor - [d4/fd772e] Cached process > NANOPLOT_FILTERED (test_sample)
May-27 13:07:38.661 [Actor Thread 48] INFO  nextflow.processor.TaskProcessor - [84/15ed5b] Cached process > MINIMAP2_ALIGN (test_sample)
May-27 13:07:38.671 [Actor Thread 49] DEBUG nextflow.container.SingularityCache - Singularity found local store for image=docker://quay.io/biocontainers/mosdepth:0.3.3--hd299d5a_3; path=/carc/scratch/projects/gursingh/gursingh2016399/Sylvia/ont-wgs-methylation-pipeline/./singularity_cache/quay.io-biocontainers-mosdepth-0.3.3--hd299d5a_3.img
May-27 13:07:38.679 [Actor Thread 49] DEBUG nextflow.container.SingularityCache - Singularity found local store for image=docker://hkubal/clair3:latest; path=/carc/scratch/projects/gursingh/gursingh2016399/Sylvia/ont-wgs-methylation-pipeline/./singularity_cache/hkubal-clair3-latest.img
May-27 13:07:38.679 [Actor Thread 54] INFO  nextflow.processor.TaskProcessor - [4c/5caf45] Cached process > NANOPLOT_BAM (test_sample)
May-27 13:07:38.683 [Actor Thread 61] INFO  nextflow.processor.TaskProcessor - [88/b7eddd] Cached process > MOSDEPTH (test_sample)
May-27 13:07:38.699 [Actor Thread 61] DEBUG nextflow.container.SingularityCache - Singularity found local store for image=docker://quay.io/biocontainers/multiqc:1.13--pyhdfd78af_0; path=/carc/scratch/projects/gursingh/gursingh2016399/Sylvia/ont-wgs-methylation-pipeline/./singularity_cache/quay.io-biocontainers-multiqc-1.13--pyhdfd78af_0.img
May-27 13:07:38.709 [Actor Thread 58] INFO  nextflow.processor.TaskProcessor - [27/6366e9] Cached process > MULTIQC
May-27 13:07:38.834 [Actor Thread 60] INFO  nextflow.processor.TaskProcessor - [1f/ba522f] Cached process > CLAIR3 (test_sample)
May-27 13:07:38.839 [main] DEBUG nextflow.Session - Session await > all processes finished
May-27 13:07:38.861 [Task monitor] DEBUG n.processor.TaskPollingMonitor - <<< barrier arrives (monitor: local) - terminating tasks monitor poll loop
May-27 13:07:38.863 [main] DEBUG nextflow.Session - Session await > all barriers passed
May-27 13:07:38.868 [main] DEBUG nextflow.util.ThreadPoolManager - Thread pool 'PublishDir' shutdown completed (hard=false)
May-27 13:07:38.879 [main] DEBUG n.trace.WorkflowStatsObserver - Workflow completed > WorkflowStats[succeededCount=0; failedCount=0; ignoredCount=0; cachedCount=9; pendingCount=0; submittedCount=0; runningCount=0; retriesCount=0; abortedCount=0; succeedDuration=0ms; failedDuration=0ms; cachedDuration=214ms;loadCpus=0; loadMemory=0; peakRunning=0; peakCpus=0; peakMemory=0; ]
May-27 13:07:38.940 [main] DEBUG nextflow.trace.ReportObserver - Workflow completed -- rendering execution report
May-27 13:07:39.366 [main] DEBUG nextflow.trace.TimelineObserver - Workflow completed -- rendering execution timeline
May-27 13:07:39.426 [main] DEBUG nextflow.trace.TraceFileObserver - Workflow completed -- saving trace file
May-27 13:07:39.442 [main] DEBUG nextflow.cache.CacheDB - Closing CacheDB done
May-27 13:07:39.456 [main] DEBUG nextflow.util.ThreadPoolManager - Thread pool 'FileTransfer' shutdown completed (hard=false)
May-27 13:07:39.458 [main] DEBUG nextflow.script.ScriptRunner - > Execution complete -- Goodbye
